[2015-07-18 00:28:19] [info]  [ 5808] Commons Daemon procrun (1.0.15.0 64-bit) started
[2015-07-18 00:28:19] [info]  [ 5808] Service elasticsearch-service-x64 name Elasticsearch 1.6.0 (elasticsearch-service-x64)
[2015-07-18 00:29:20] [info]  [ 5808] Service 'elasticsearch-service-x64' installed
[2015-07-18 00:29:20] [info]  [ 5808] Commons Daemon procrun finished
[2015-07-18 00:37:05] [info]  [ 6472] Commons Daemon procrun (1.0.15.0 64-bit) started
[2015-07-18 00:37:05] [info]  [ 6472] Running 'elasticsearch-service-x64' Service...
[2015-07-18 00:37:06] [info]  [ 4328] Starting service...
[2015-07-18 00:37:07] [info]  [ 4328] Service started in 1185 ms.
[2015-07-18 00:39:02] [info]  [ 6876] Console SHUTDOWN event signaled
[2015-07-18 00:39:02] [info]  [ 6876] Stopping service...
[2015-07-18 00:39:03] [info]  [ 6472] Run service finished.
[2015-07-18 00:39:03] [info]  [ 6472] Commons Daemon procrun finished
[2015-07-18 00:41:45] [info]  [ 1664] Commons Daemon procrun (1.0.15.0 64-bit) started
[2015-07-18 00:41:46] [info]  [ 1664] Running 'elasticsearch-service-x64' Service...
[2015-07-18 00:41:46] [info]  [ 1744] Starting service...
[2015-07-18 00:42:04] [info]  [ 1744] Service started in 17811 ms.
[2015-07-18 00:46:37] [info]  [ 2908] Commons Daemon procrun (1.0.15.0 64-bit) started
[2015-07-18 00:46:38] [info]  [ 2908] Starting service 'elasticsearch-service-x64' ...
[2015-07-18 00:46:39] [info]  [ 2908] Service 'elasticsearch-service-x64' started
[2015-07-18 00:46:39] [info]  [ 2908] Start service finished.
[2015-07-18 00:46:39] [info]  [ 2908] Commons Daemon procrun finished
[2015-07-18 00:50:24] [info]  [ 4352] Commons Daemon procrun (1.0.15.0 64-bit) started
[2015-07-18 00:50:24] [info]  [ 4352] Stopping service 'elasticsearch-service-x64' ...
[2015-07-18 00:50:24] [info]  [ 4584] Stopping service...
[2015-07-18 00:50:28] [error] [ 4352] Failed to stop 'elasticsearch-service-x64' service
[2015-07-18 00:50:28] [error] [ 4352] The data area passed to a system call is too small.
[2015-07-18 00:50:28] [info]  [ 4352] Stop service finished.
[2015-07-18 00:50:28] [error] [ 4352] Commons Daemon procrun failed with exit value: 6 (Failed to stop service)
[2015-07-18 00:50:28] [error] [ 4352] The data area passed to a system call is too small.
[2015-07-18 00:50:44] [info]  [ 4584] Service stop thread completed.
[2015-07-18 00:50:44] [info]  [ 1664] Run service finished.
[2015-07-18 00:50:44] [info]  [ 1664] Commons Daemon procrun finished
